<?xml version="1.0" encoding="UTF-8"?>
<testsuite xmlns:xsi="http://www.w3.org/2001/XMLSchema-instance" xsi:noNamespaceSchemaLocation="https://maven.apache.org/surefire/maven-surefire-plugin/xsd/surefire-test-report.xsd" name="com.eda.basedomains.BaseDomainsApplicationTests" time="1.971" tests="1" errors="0" skipped="0" failures="0">
  <properties>
    <property name="java.specification.version" value="17"/>
    <property name="sun.cpu.isalist" value="amd64"/>
    <property name="sun.jnu.encoding" value="Cp1252"/>
    <property name="java.class.path" value="C:\Siva\LearningFullStack\Workspaces\springboot-kafka-microservices\springboot-kafka-microservices\base-domains\target\test-classes;C:\Siva\LearningFullStack\Workspaces\springboot-kafka-microservices\springboot-kafka-microservices\base-domains\target\classes;C:\Users\SIVNA\.m2\repository\org\springframework\boot\spring-boot-starter\3.0.0-M3\spring-boot-starter-3.0.0-M3.jar;C:\Users\SIVNA\.m2\repository\org\springframework\boot\spring-boot\3.0.0-M3\spring-boot-3.0.0-M3.jar;C:\Users\SIVNA\.m2\repository\org\springframework\spring-context\6.0.0-M4\spring-context-6.0.0-M4.jar;C:\Users\SIVNA\.m2\repository\org\springframework\spring-aop\6.0.0-M4\spring-aop-6.0.0-M4.jar;C:\Users\SIVNA\.m2\repository\org\springframework\spring-beans\6.0.0-M4\spring-beans-6.0.0-M4.jar;C:\Users\SIVNA\.m2\repository\org\springframework\spring-expression\6.0.0-M4\spring-expression-6.0.0-M4.jar;C:\Users\SIVNA\.m2\repository\org\springframework\boot\spring-boot-autoconfigure\3.0.0-M3\spring-boot-autoconfigure-3.0.0-M3.jar;C:\Users\SIVNA\.m2\repository\org\springframework\boot\spring-boot-starter-logging\3.0.0-M3\spring-boot-starter-logging-3.0.0-M3.jar;C:\Users\SIVNA\.m2\repository\ch\qos\logback\logback-classic\1.2.11\logback-classic-1.2.11.jar;C:\Users\SIVNA\.m2\repository\ch\qos\logback\logback-core\1.2.11\logback-core-1.2.11.jar;C:\Users\SIVNA\.m2\repository\org\apache\logging\log4j\log4j-to-slf4j\2.17.2\log4j-to-slf4j-2.17.2.jar;C:\Users\SIVNA\.m2\repository\org\apache\logging\log4j\log4j-api\2.17.2\log4j-api-2.17.2.jar;C:\Users\SIVNA\.m2\repository\org\slf4j\jul-to-slf4j\1.7.36\jul-to-slf4j-1.7.36.jar;C:\Users\SIVNA\.m2\repository\jakarta\annotation\jakarta.annotation-api\2.0.0\jakarta.annotation-api-2.0.0.jar;C:\Users\SIVNA\.m2\repository\org\springframework\spring-core\6.0.0-M4\spring-core-6.0.0-M4.jar;C:\Users\SIVNA\.m2\repository\org\springframework\spring-jcl\6.0.0-M4\spring-jcl-6.0.0-M4.jar;C:\Users\SIVNA\.m2\repository\org\yaml\snakeyaml\1.30\snakeyaml-1.30.jar;C:\Users\SIVNA\.m2\repository\org\projectlombok\lombok\1.18.24\lombok-1.18.24.jar;C:\Users\SIVNA\.m2\repository\org\springframework\boot\spring-boot-starter-test\3.0.0-M3\spring-boot-starter-test-3.0.0-M3.jar;C:\Users\SIVNA\.m2\repository\org\springframework\boot\spring-boot-test\3.0.0-M3\spring-boot-test-3.0.0-M3.jar;C:\Users\SIVNA\.m2\repository\org\springframework\boot\spring-boot-test-autoconfigure\3.0.0-M3\spring-boot-test-autoconfigure-3.0.0-M3.jar;C:\Users\SIVNA\.m2\repository\com\jayway\jsonpath\json-path\2.7.0\json-path-2.7.0.jar;C:\Users\SIVNA\.m2\repository\net\minidev\json-smart\2.4.8\json-smart-2.4.8.jar;C:\Users\SIVNA\.m2\repository\net\minidev\accessors-smart\2.4.8\accessors-smart-2.4.8.jar;C:\Users\SIVNA\.m2\repository\org\ow2\asm\asm\9.1\asm-9.1.jar;C:\Users\SIVNA\.m2\repository\org\slf4j\slf4j-api\1.7.36\slf4j-api-1.7.36.jar;C:\Users\SIVNA\.m2\repository\jakarta\xml\bind\jakarta.xml.bind-api\3.0.1\jakarta.xml.bind-api-3.0.1.jar;C:\Users\SIVNA\.m2\repository\com\sun\activation\jakarta.activation\2.0.1\jakarta.activation-2.0.1.jar;C:\Users\SIVNA\.m2\repository\org\assertj\assertj-core\3.22.0\assertj-core-3.22.0.jar;C:\Users\SIVNA\.m2\repository\org\hamcrest\hamcrest\2.2\hamcrest-2.2.jar;C:\Users\SIVNA\.m2\repository\org\junit\jupiter\junit-jupiter\5.8.2\junit-jupiter-5.8.2.jar;C:\Users\SIVNA\.m2\repository\org\junit\jupiter\junit-jupiter-api\5.8.2\junit-jupiter-api-5.8.2.jar;C:\Users\SIVNA\.m2\repository\org\opentest4j\opentest4j\1.2.0\opentest4j-1.2.0.jar;C:\Users\SIVNA\.m2\repository\org\junit\platform\junit-platform-commons\1.8.2\junit-platform-commons-1.8.2.jar;C:\Users\SIVNA\.m2\repository\org\apiguardian\apiguardian-api\1.1.2\apiguardian-api-1.1.2.jar;C:\Users\SIVNA\.m2\repository\org\junit\jupiter\junit-jupiter-params\5.8.2\junit-jupiter-params-5.8.2.jar;C:\Users\SIVNA\.m2\repository\org\junit\jupiter\junit-jupiter-engine\5.8.2\junit-jupiter-engine-5.8.2.jar;C:\Users\SIVNA\.m2\repository\org\junit\platform\junit-platform-engine\1.8.2\junit-platform-engine-1.8.2.jar;C:\Users\SIVNA\.m2\repository\org\mockito\mockito-core\4.5.1\mockito-core-4.5.1.jar;C:\Users\SIVNA\.m2\repository\net\bytebuddy\byte-buddy\1.12.10\byte-buddy-1.12.10.jar;C:\Users\SIVNA\.m2\repository\net\bytebuddy\byte-buddy-agent\1.12.10\byte-buddy-agent-1.12.10.jar;C:\Users\SIVNA\.m2\repository\org\objenesis\objenesis\3.2\objenesis-3.2.jar;C:\Users\SIVNA\.m2\repository\org\mockito\mockito-junit-jupiter\4.5.1\mockito-junit-jupiter-4.5.1.jar;C:\Users\SIVNA\.m2\repository\org\skyscreamer\jsonassert\1.5.0\jsonassert-1.5.0.jar;C:\Users\SIVNA\.m2\repository\com\vaadin\external\google\android-json\0.0.20131108.vaadin1\android-json-0.0.20131108.vaadin1.jar;C:\Users\SIVNA\.m2\repository\org\springframework\spring-test\6.0.0-M4\spring-test-6.0.0-M4.jar;C:\Users\SIVNA\.m2\repository\org\xmlunit\xmlunit-core\2.9.0\xmlunit-core-2.9.0.jar;"/>
    <property name="java.vm.vendor" value="Oracle Corporation"/>
    <property name="sun.arch.data.model" value="64"/>
    <property name="user.variant" value=""/>
    <property name="java.vendor.url" value="https://java.oracle.com/"/>
    <property name="user.timezone" value="Europe/Stockholm"/>
    <property name="user.country.format" value="IO"/>
    <property name="os.name" value="Windows 10"/>
    <property name="java.vm.specification.version" value="17"/>
    <property name="sun.java.launcher" value="SUN_STANDARD"/>
    <property name="user.country" value="US"/>
    <property name="sun.boot.library.path" value="C:\Siva\Softwares\openjdk-17.0.2_windows-x64_bin\jdk-17.0.2\bin"/>
    <property name="sun.java.command" value="C:\Users\SIVNA\AppData\Local\Temp\surefire12418360370965087621\surefirebooter3232826629467398219.jar C:\Users\SIVNA\AppData\Local\Temp\surefire12418360370965087621 2023-01-27T21-25-28_743-jvmRun1 surefire17879566357131916376tmp surefire_010219054450540001464tmp"/>
    <property name="jdk.debug" value="release"/>
    <property name="surefire.test.class.path" value="C:\Siva\LearningFullStack\Workspaces\springboot-kafka-microservices\springboot-kafka-microservices\base-domains\target\test-classes;C:\Siva\LearningFullStack\Workspaces\springboot-kafka-microservices\springboot-kafka-microservices\base-domains\target\classes;C:\Users\SIVNA\.m2\repository\org\springframework\boot\spring-boot-starter\3.0.0-M3\spring-boot-starter-3.0.0-M3.jar;C:\Users\SIVNA\.m2\repository\org\springframework\boot\spring-boot\3.0.0-M3\spring-boot-3.0.0-M3.jar;C:\Users\SIVNA\.m2\repository\org\springframework\spring-context\6.0.0-M4\spring-context-6.0.0-M4.jar;C:\Users\SIVNA\.m2\repository\org\springframework\spring-aop\6.0.0-M4\spring-aop-6.0.0-M4.jar;C:\Users\SIVNA\.m2\repository\org\springframework\spring-beans\6.0.0-M4\spring-beans-6.0.0-M4.jar;C:\Users\SIVNA\.m2\repository\org\springframework\spring-expression\6.0.0-M4\spring-expression-6.0.0-M4.jar;C:\Users\SIVNA\.m2\repository\org\springframework\boot\spring-boot-autoconfigure\3.0.0-M3\spring-boot-autoconfigure-3.0.0-M3.jar;C:\Users\SIVNA\.m2\repository\org\springframework\boot\spring-boot-starter-logging\3.0.0-M3\spring-boot-starter-logging-3.0.0-M3.jar;C:\Users\SIVNA\.m2\repository\ch\qos\logback\logback-classic\1.2.11\logback-classic-1.2.11.jar;C:\Users\SIVNA\.m2\repository\ch\qos\logback\logback-core\1.2.11\logback-core-1.2.11.jar;C:\Users\SIVNA\.m2\repository\org\apache\logging\log4j\log4j-to-slf4j\2.17.2\log4j-to-slf4j-2.17.2.jar;C:\Users\SIVNA\.m2\repository\org\apache\logging\log4j\log4j-api\2.17.2\log4j-api-2.17.2.jar;C:\Users\SIVNA\.m2\repository\org\slf4j\jul-to-slf4j\1.7.36\jul-to-slf4j-1.7.36.jar;C:\Users\SIVNA\.m2\repository\jakarta\annotation\jakarta.annotation-api\2.0.0\jakarta.annotation-api-2.0.0.jar;C:\Users\SIVNA\.m2\repository\org\springframework\spring-core\6.0.0-M4\spring-core-6.0.0-M4.jar;C:\Users\SIVNA\.m2\repository\org\springframework\spring-jcl\6.0.0-M4\spring-jcl-6.0.0-M4.jar;C:\Users\SIVNA\.m2\repository\org\yaml\snakeyaml\1.30\snakeyaml-1.30.jar;C:\Users\SIVNA\.m2\repository\org\projectlombok\lombok\1.18.24\lombok-1.18.24.jar;C:\Users\SIVNA\.m2\repository\org\springframework\boot\spring-boot-starter-test\3.0.0-M3\spring-boot-starter-test-3.0.0-M3.jar;C:\Users\SIVNA\.m2\repository\org\springframework\boot\spring-boot-test\3.0.0-M3\spring-boot-test-3.0.0-M3.jar;C:\Users\SIVNA\.m2\repository\org\springframework\boot\spring-boot-test-autoconfigure\3.0.0-M3\spring-boot-test-autoconfigure-3.0.0-M3.jar;C:\Users\SIVNA\.m2\repository\com\jayway\jsonpath\json-path\2.7.0\json-path-2.7.0.jar;C:\Users\SIVNA\.m2\repository\net\minidev\json-smart\2.4.8\json-smart-2.4.8.jar;C:\Users\SIVNA\.m2\repository\net\minidev\accessors-smart\2.4.8\accessors-smart-2.4.8.jar;C:\Users\SIVNA\.m2\repository\org\ow2\asm\asm\9.1\asm-9.1.jar;C:\Users\SIVNA\.m2\repository\org\slf4j\slf4j-api\1.7.36\slf4j-api-1.7.36.jar;C:\Users\SIVNA\.m2\repository\jakarta\xml\bind\jakarta.xml.bind-api\3.0.1\jakarta.xml.bind-api-3.0.1.jar;C:\Users\SIVNA\.m2\repository\com\sun\activation\jakarta.activation\2.0.1\jakarta.activation-2.0.1.jar;C:\Users\SIVNA\.m2\repository\org\assertj\assertj-core\3.22.0\assertj-core-3.22.0.jar;C:\Users\SIVNA\.m2\repository\org\hamcrest\hamcrest\2.2\hamcrest-2.2.jar;C:\Users\SIVNA\.m2\repository\org\junit\jupiter\junit-jupiter\5.8.2\junit-jupiter-5.8.2.jar;C:\Users\SIVNA\.m2\repository\org\junit\jupiter\junit-jupiter-api\5.8.2\junit-jupiter-api-5.8.2.jar;C:\Users\SIVNA\.m2\repository\org\opentest4j\opentest4j\1.2.0\opentest4j-1.2.0.jar;C:\Users\SIVNA\.m2\repository\org\junit\platform\junit-platform-commons\1.8.2\junit-platform-commons-1.8.2.jar;C:\Users\SIVNA\.m2\repository\org\apiguardian\apiguardian-api\1.1.2\apiguardian-api-1.1.2.jar;C:\Users\SIVNA\.m2\repository\org\junit\jupiter\junit-jupiter-params\5.8.2\junit-jupiter-params-5.8.2.jar;C:\Users\SIVNA\.m2\repository\org\junit\jupiter\junit-jupiter-engine\5.8.2\junit-jupiter-engine-5.8.2.jar;C:\Users\SIVNA\.m2\repository\org\junit\platform\junit-platform-engine\1.8.2\junit-platform-engine-1.8.2.jar;C:\Users\SIVNA\.m2\repository\org\mockito\mockito-core\4.5.1\mockito-core-4.5.1.jar;C:\Users\SIVNA\.m2\repository\net\bytebuddy\byte-buddy\1.12.10\byte-buddy-1.12.10.jar;C:\Users\SIVNA\.m2\repository\net\bytebuddy\byte-buddy-agent\1.12.10\byte-buddy-agent-1.12.10.jar;C:\Users\SIVNA\.m2\repository\org\objenesis\objenesis\3.2\objenesis-3.2.jar;C:\Users\SIVNA\.m2\repository\org\mockito\mockito-junit-jupiter\4.5.1\mockito-junit-jupiter-4.5.1.jar;C:\Users\SIVNA\.m2\repository\org\skyscreamer\jsonassert\1.5.0\jsonassert-1.5.0.jar;C:\Users\SIVNA\.m2\repository\com\vaadin\external\google\android-json\0.0.20131108.vaadin1\android-json-0.0.20131108.vaadin1.jar;C:\Users\SIVNA\.m2\repository\org\springframework\spring-test\6.0.0-M4\spring-test-6.0.0-M4.jar;C:\Users\SIVNA\.m2\repository\org\xmlunit\xmlunit-core\2.9.0\xmlunit-core-2.9.0.jar;"/>
    <property name="sun.cpu.endian" value="little"/>
    <property name="user.home" value="C:\Users\SIVNA"/>
    <property name="user.language" value="en"/>
    <property name="java.specification.vendor" value="Oracle Corporation"/>
    <property name="java.version.date" value="2022-01-18"/>
    <property name="java.home" value="C:\Siva\Softwares\openjdk-17.0.2_windows-x64_bin\jdk-17.0.2"/>
    <property name="file.separator" value="\"/>
    <property name="basedir" value="C:\Siva\LearningFullStack\Workspaces\springboot-kafka-microservices\springboot-kafka-microservices\base-domains"/>
    <property name="java.vm.compressedOopsMode" value="Zero based"/>
    <property name="line.separator" value="&#10;"/>
    <property name="java.vm.specification.vendor" value="Oracle Corporation"/>
    <property name="java.specification.name" value="Java Platform API Specification"/>
    <property name="surefire.real.class.path" value="C:\Users\SIVNA\AppData\Local\Temp\surefire12418360370965087621\surefirebooter3232826629467398219.jar"/>
    <property name="user.script" value=""/>
    <property name="sun.management.compiler" value="HotSpot 64-Bit Tiered Compilers"/>
    <property name="java.runtime.version" value="17.0.2+8-86"/>
    <property name="user.name" value="SIVNA"/>
    <property name="path.separator" value=";"/>
    <property name="os.version" value="10.0"/>
    <property name="java.runtime.name" value="OpenJDK Runtime Environment"/>
    <property name="file.encoding" value="Cp1252"/>
    <property name="java.vm.name" value="OpenJDK 64-Bit Server VM"/>
    <property name="localRepository" value="C:\Users\SIVNA\.m2\repository"/>
    <property name="java.vendor.url.bug" value="https://bugreport.java.com/bugreport/"/>
    <property name="java.io.tmpdir" value="C:\Users\SIVNA\AppData\Local\Temp\"/>
    <property name="idea.version" value="2022.2.3"/>
    <property name="java.version" value="17.0.2"/>
    <property name="user.dir" value="C:\Siva\LearningFullStack\Workspaces\springboot-kafka-microservices\springboot-kafka-microservices\base-domains"/>
    <property name="os.arch" value="amd64"/>
    <property name="java.vm.specification.name" value="Java Virtual Machine Specification"/>
    <property name="sun.os.patch.level" value=""/>
    <property name="native.encoding" value="Cp1252"/>
    <property name="java.library.path" value="C:\Siva\Softwares\openjdk-17.0.2_windows-x64_bin\jdk-17.0.2\bin;C:\WINDOWS\Sun\Java\bin;C:\WINDOWS\system32;C:\WINDOWS;C:\app\admribis\product\11.2.0\client_2;C:\app\admribis\product\11.2.0\client_1;C:\Program Files (x86)\Microsoft SDKs\Azure\CLI2\wbin;C:\Python310\Scripts\;C:\Python310\;C:\WINDOWS\system32;C:\WINDOWS;C:\WINDOWS\System32\Wbem;C:\WINDOWS\System32\WindowsPowerShell\v1.0\;C:\WINDOWS\System32\OpenSSH\;C:\Siva\Softwares\apache-maven-3.8.4-bin\apache-maven-3.8.4\bin;C:\ProgramData\chocolatey\bin;C:\Program Files\Kubernetes\Minikube;C:\Program Files\nodejs\;C:\Siva\Softwares\openjdk-17.0.2_windows-x64_bin\jdk-17.0.2\bin;C:\Program Files (x86)\NVIDIA Corporation\PhysX\Common;C:\Program Files\NVIDIA Corporation\NVIDIA NvDLISR;;C:\Program Files\Docker\Docker\resources\bin;C:\Program Files\MySQL\MySQL Shell 8.0\bin\;C:\Users\SIVNA\AppData\Local\Microsoft\WindowsApps;C:\Users\SIVNA\AppData\Local\Programs\Microsoft VS Code\bin;C:\Users\SIVNA\AppData\Local\Programs\Git\cmd;C:\Users\SIVNA\AppData\Roaming\npm;C:\Siva\Softwares\openjdk-17.0.2_windows-x64_bin\jdk-17.0.2\bin;C:\Siva\Softwares\helm-v3.9.4-windows-amd64\windows-amd64;;."/>
    <property name="java.vm.info" value="mixed mode, sharing"/>
    <property name="java.vendor" value="Oracle Corporation"/>
    <property name="java.vm.version" value="17.0.2+8-86"/>
    <property name="sun.io.unicode.encoding" value="UnicodeLittle"/>
    <property name="java.class.version" value="61.0"/>
  </properties>
  <testcase name="contextLoads" classname="com.eda.basedomains.BaseDomainsApplicationTests" time="0.536"/>
</testsuite>